app/build/intermediates/manifest_merge_blame_file/debug/manifest-merger-blame-debug-report.txt
1<?xml version="1.0" encoding="utf-8"?>
2<manifest xmlns:android="http://schemas.android.com/apk/res/android"
3    package="de.msdevs.einschlafhilfe"
4    android:versionCode="44"
5    android:versionName="4.0" >
6
7    <uses-sdk
8        android:minSdkVersion="26"
8-->src/main/AndroidManifest.xml
9        android:targetSdkVersion="32" />
9-->src/main/AndroidManifest.xml
10
11    <uses-permission android:name="android.permission.ACCESS_NETWORK_STATE" />
11-->src/main/AndroidManifest.xml:5:5-79
11-->src/main/AndroidManifest.xml:5:22-76
12    <uses-permission android:name="android.permission.INTERNET" />
12-->src/main/AndroidManifest.xml:6:5-66
12-->src/main/AndroidManifest.xml:6:22-64
13    <uses-permission android:name="android.permission.READ_EXTERNAL_STORAGE" />
13-->src/main/AndroidManifest.xml:7:5-79
13-->src/main/AndroidManifest.xml:7:22-77
14
15    <permission android:name="android.permission.QUERY_ALL_PACKAGES" />
15-->src/main/AndroidManifest.xml:8:5-72
15-->src/main/AndroidManifest.xml:8:17-69
16
17    <queries>
17-->src/main/AndroidManifest.xml:9:5-13:15
18        <intent>
18-->src/main/AndroidManifest.xml:10:9-12:18
19            <action android:name="android.intent.action.MAIN" />
19-->src/main/AndroidManifest.xml:11:13-65
19-->src/main/AndroidManifest.xml:11:21-62
20        </intent>
21    </queries>
22
23    <application
23-->src/main/AndroidManifest.xml:15:5-37:19
24        android:allowBackup="false"
24-->src/main/AndroidManifest.xml:16:9-36
25        android:appComponentFactory="androidx.core.app.CoreComponentFactory"
25-->[androidx.core:core:1.7.0] AndroidManifest.xml:24:18-86
26        android:dataExtractionRules="@xml/data_extraction_rules"
26-->src/main/AndroidManifest.xml:24:9-65
27        android:debuggable="true"
28        android:extractNativeLibs="false"
29        android:icon="@mipmap/ic_launcher"
29-->src/main/AndroidManifest.xml:18:9-43
30        android:label="@string/app_name"
30-->src/main/AndroidManifest.xml:19:9-41
31        android:requestLegacyExternalStorage="true"
31-->src/main/AndroidManifest.xml:20:9-52
32        android:roundIcon="@mipmap/ic_launcher"
32-->src/main/AndroidManifest.xml:21:9-48
33        android:supportsRtl="true"
33-->src/main/AndroidManifest.xml:22:9-35
34        android:testOnly="true"
35        android:theme="@style/AppTheme" >
35-->src/main/AndroidManifest.xml:23:9-40
36        <activity
36-->src/main/AndroidManifest.xml:26:9-32:20
37            android:name="de.msdevs.einschlafhilfe.MainActivity"
37-->src/main/AndroidManifest.xml:26:19-47
38            android:exported="true" >
38-->src/main/AndroidManifest.xml:27:13-36
39            <intent-filter>
39-->src/main/AndroidManifest.xml:28:13-31:29
40                <action android:name="android.intent.action.MAIN" />
40-->src/main/AndroidManifest.xml:11:13-65
40-->src/main/AndroidManifest.xml:11:21-62
41
42                <category android:name="android.intent.category.LAUNCHER" />
42-->src/main/AndroidManifest.xml:30:17-77
42-->src/main/AndroidManifest.xml:30:27-74
43            </intent-filter>
44        </activity>
45        <activity
45-->src/main/AndroidManifest.xml:33:9-34:55
46            android:name="de.msdevs.einschlafhilfe.AppIntroActivity"
46-->src/main/AndroidManifest.xml:33:19-51
47            android:theme="@style/AppThemeNoToolbar" />
47-->src/main/AndroidManifest.xml:34:13-53
48        <activity
48-->src/main/AndroidManifest.xml:35:9-36:47
49            android:name="de.msdevs.einschlafhilfe.SettingsActivity"
49-->src/main/AndroidManifest.xml:35:19-51
50            android:label="@string/settings" />
50-->src/main/AndroidManifest.xml:36:13-45
51
52        <provider
52-->[androidx.emoji2:emoji2:1.0.0] AndroidManifest.xml:26:9-34:20
53            android:name="androidx.startup.InitializationProvider"
53-->[androidx.emoji2:emoji2:1.0.0] AndroidManifest.xml:27:13-67
54            android:authorities="de.msdevs.einschlafhilfe.androidx-startup"
54-->[androidx.emoji2:emoji2:1.0.0] AndroidManifest.xml:28:13-68
55            android:exported="false" >
55-->[androidx.emoji2:emoji2:1.0.0] AndroidManifest.xml:29:13-37
56            <meta-data
56-->[androidx.emoji2:emoji2:1.0.0] AndroidManifest.xml:31:13-33:52
57                android:name="androidx.emoji2.text.EmojiCompatInitializer"
57-->[androidx.emoji2:emoji2:1.0.0] AndroidManifest.xml:32:17-75
58                android:value="androidx.startup" />
58-->[androidx.emoji2:emoji2:1.0.0] AndroidManifest.xml:33:17-49
59            <meta-data
59-->[androidx.lifecycle:lifecycle-process:2.4.0] AndroidManifest.xml:31:13-33:52
60                android:name="androidx.lifecycle.ProcessLifecycleInitializer"
60-->[androidx.lifecycle:lifecycle-process:2.4.0] AndroidManifest.xml:32:17-78
61                android:value="androidx.startup" />
61-->[androidx.lifecycle:lifecycle-process:2.4.0] AndroidManifest.xml:33:17-49
62        </provider>
63    </application>
64
65</manifest>